<?xml version="1.0" encoding="UTF-8"?>
<!-- Generated by org.testng.reporters.JUnitReportReporter -->
<testsuite hostname="DESKTOP-VDFSC4N" failures="0" tests="3" name="TestNGPgm.invocationCountPgm" time="0.034" errors="0" timestamp="2024-10-16T17:48:02 IST" skipped="0">
  <testcase classname="TestNGPgm.invocationCountPgm" name="modifyContact" time="0.005"/>
  <system-out/>
  <testcase classname="TestNGPgm.invocationCountPgm" name="createContact" time="0.023"/>
  <system-out/>
  <testcase classname="TestNGPgm.invocationCountPgm" name="deleteContact" time="0.006"/>
  <system-out/>
</testsuite> <!-- TestNGPgm.invocationCountPgm -->
