<?xml version="1.0" encoding="UTF-8"?>
<!-- Generated by org.testng.reporters.JUnitReportReporter -->
<testsuite hostname="DESKTOP-VDFSC4N" failures="0" tests="3" name="TestNGPgm.priorityPgm" time="0.028" errors="0" timestamp="2024-10-16T17:45:12 IST" skipped="0">
  <testcase classname="TestNGPgm.priorityPgm" name="createContact" time="0.021"/>
  <system-out/>
  <testcase classname="TestNGPgm.priorityPgm" name="modifyContact" time="0.005"/>
  <system-out/>
  <testcase classname="TestNGPgm.priorityPgm" name="deleteContact" time="0.002"/>
  <system-out/>
</testsuite> <!-- TestNGPgm.priorityPgm -->
