<?xml version="1.0" encoding="UTF-8"?>
<!-- Generated by org.testng.reporters.JUnitReportReporter -->
<testsuite hostname="PavithraDilip" failures="0" tests="4" name="TestNG1.Batch3" time="124.410" errors="0" timestamp="2024-10-22T15:52:52 IST" skipped="0">
  <testcase classname="TestNG1.Batch3" name="createContactWithSupportDateTest" time="26.141"/>
  <system-out/>
  <testcase classname="TestNG1.Batch3" name="createContactTest" time="35.836"/>
  <system-out/>
  <testcase classname="TestNG1.Batch3" name="createContactWithSupportDateTest" time="26.965"/>
  <system-out/>
  <testcase classname="TestNG1.Batch3" name="createContactTest" time="35.468"/>
  <system-out/>
</testsuite> <!-- TestNG1.Batch3 -->
