<?xml version="1.0" encoding="UTF-8"?>
<!-- Generated by org.testng.reporters.JUnitReportReporter -->
<testsuite hostname="DESKTOP-VDFSC4N" failures="0" tests="2" name="TestNGPgm.configurationAnnotation" time="0.045" errors="0" timestamp="2024-10-17T23:25:49 IST" skipped="0">
  <testcase classname="TestNGPgm.configurationAnnotation" name="createContactTest" time="0.031"/>
  <system-out/>
  <testcase classname="TestNGPgm.configurationAnnotation" name="createOrgTest" time="0.014"/>
  <system-out/>
</testsuite> <!-- TestNGPgm.configurationAnnotation -->
