<?xml version="1.0" encoding="UTF-8"?>
<!-- Generated by org.testng.reporters.JUnitReportReporter -->
<testsuite hostname="PavithraDilip" failures="0" tests="4" name="TestNGPgm.Batch22" time="124.514" errors="0" timestamp="2024-10-22T15:52:52 IST" skipped="0">
  <testcase classname="TestNGPgm.Batch22" name="createLeadWithIndustryTest" time="36.263"/>
  <system-out/>
  <testcase classname="TestNGPgm.Batch22" name="createLeadsNameTest" time="27.747"/>
  <system-out/>
  <testcase classname="TestNGPgm.Batch22" name="createLeadWithIndustryTest" time="35.628"/>
  <system-out/>
  <testcase classname="TestNGPgm.Batch22" name="createLeadsNameTest" time="24.876"/>
  <system-out/>
</testsuite> <!-- TestNGPgm.Batch22 -->
