<?xml version="1.0" encoding="UTF-8"?>
<!-- Generated by org.testng.reporters.JUnitReportReporter -->
<testsuite hostname="DESKTOP-VDFSC4N" failures="0" tests="6" name="com.crm.generic.baseUtility.dataProviderTest" time="0.051" errors="0" timestamp="2024-10-18T10:08:42 IST" skipped="0">
  <testcase classname="com.crm.generic.baseUtility.dataProviderTest" name="createDataTest" time="0.007"/>
  <system-out/>
  <testcase classname="com.crm.generic.baseUtility.dataProviderTest" name="createAccountTest" time="0.023"/>
  <system-out/>
  <testcase classname="com.crm.generic.baseUtility.dataProviderTest" name="createDataTest" time="0.004"/>
  <system-out/>
  <testcase classname="com.crm.generic.baseUtility.dataProviderTest" name="createAccountTest" time="0.006"/>
  <system-out/>
  <testcase classname="com.crm.generic.baseUtility.dataProviderTest" name="createDataTest" time="0.003"/>
  <system-out/>
  <testcase classname="com.crm.generic.baseUtility.dataProviderTest" name="createAccountTest" time="0.008"/>
  <system-out/>
</testsuite> <!-- com.crm.generic.baseUtility.dataProviderTest -->
