<?xml version="1.0" encoding="UTF-8"?>
<!-- Generated by org.testng.reporters.JUnitReportReporter -->
<testsuite hostname="DESKTOP-VDFSC4N" failures="0" tests="5" name="TestNGPgm.dependsOnMethodPgm" time="0.039" errors="0" timestamp="2024-10-17T16:31:58 IST" skipped="2">
  <testcase classname="TestNGPgm.dependsOnMethodPgm" name="createContact" time="0.008"/>
  <system-out/>
  <testcase classname="TestNGPgm.dependsOnMethodPgm" name="createContact" time="0.027"/>
  <system-out/>
  <testcase classname="TestNGPgm.dependsOnMethodPgm" name="createContact" time="0.004"/>
  <system-out/>
  <testcase classname="TestNGPgm.dependsOnMethodPgm" name="deleteContact">
    <skipped/>
  </testcase> <!-- deleteContact -->
  <system-out/>
  <testcase classname="TestNGPgm.dependsOnMethodPgm" name="modifyContact">
    <skipped/>
  </testcase> <!-- modifyContact -->
  <system-out/>
</testsuite> <!-- TestNGPgm.dependsOnMethodPgm -->
