<?xml version="1.0" encoding="UTF-8"?>
<!-- Generated by org.testng.reporters.JUnitReportReporter -->
<testsuite hostname="PavithraDilip" failures="0" tests="4" name="TestNG1.practicedThreadpoolSize" time="32.823" errors="0" timestamp="2024-10-22T11:07:31 IST" skipped="0">
  <testcase classname="TestNG1.practicedThreadpoolSize" name="method" time="7.830"/>
  <system-out/>
  <testcase classname="TestNG1.practicedThreadpoolSize" name="method" time="8.896"/>
  <system-out/>
  <testcase classname="TestNG1.practicedThreadpoolSize" name="method" time="7.854"/>
  <system-out/>
  <testcase classname="TestNG1.practicedThreadpoolSize" name="method" time="8.243"/>
  <system-out/>
</testsuite> <!-- TestNG1.practicedThreadpoolSize -->
