<?xml version="1.0" encoding="UTF-8"?>
<testng-results ignored="2" total="3" passed="1" failed="0" skipped="0">
  <reporter-output>
  </reporter-output>
  <suite started-at="2024-11-04T16:30:54 IST" name="Default suite" finished-at="2024-11-04T17:01:10 IST" duration-ms="1816767">
    <groups>
      <group name="smokeTest">
        <method signature="CreateORGTest.createOrgTest()[pri:0, instance:com.crm.organizationTest.CreateORGTest@27406a17]" name="createOrgTest" class="com.crm.organizationTest.CreateORGTest"/>
      </group> <!-- smokeTest -->
    </groups>
    <test started-at="2024-11-04T16:30:54 IST" name="Default test" finished-at="2024-11-04T17:01:10 IST" duration-ms="1816767">
      <class name="com.crm.organizationTest.CreateORGTest">
        <test-method is-config="true" signature="beforsuite()[pri:0, instance:com.crm.organizationTest.CreateORGTest@27406a17]" started-at="2024-11-04T16:30:07 IST" name="beforsuite" finished-at="2024-11-04T16:30:54 IST" duration-ms="46593" status="PASS">
          <reporter-output>
          </reporter-output>
        </test-method> <!-- beforsuite -->
        <test-method is-config="true" signature="bc(java.lang.String)[pri:0, instance:com.crm.organizationTest.CreateORGTest@27406a17]" started-at="2024-11-04T16:30:54 IST" name="bc" finished-at="2024-11-04T16:59:33 IST" duration-ms="1719679" status="PASS">
          <params>
            <param index="0">
              <value>
                <![CDATA[chrome]]>
              </value>
            </param>
          </params>
          <reporter-output>
          </reporter-output>
        </test-method> <!-- bc -->
        <test-method is-config="true" signature="bm()[pri:0, instance:com.crm.organizationTest.CreateORGTest@27406a17]" started-at="2024-11-04T16:59:33 IST" name="bm" finished-at="2024-11-04T16:59:51 IST" duration-ms="17886" status="PASS">
          <reporter-output>
          </reporter-output>
        </test-method> <!-- bm -->
        <test-method signature="createOrgTest()[pri:0, instance:com.crm.organizationTest.CreateORGTest@27406a17]" started-at="2024-11-04T16:59:51 IST" name="createOrgTest" finished-at="2024-11-04T17:01:08 IST" duration-ms="76522" status="PASS">
          <reporter-output>
          </reporter-output>
        </test-method> <!-- createOrgTest -->
        <test-method is-config="true" signature="am()[pri:0, instance:com.crm.organizationTest.CreateORGTest@27406a17]" started-at="2024-11-04T17:01:08 IST" name="am" finished-at="2024-11-04T17:01:10 IST" duration-ms="1997" status="PASS">
          <reporter-output>
          </reporter-output>
        </test-method> <!-- am -->
        <test-method is-config="true" signature="ac()[pri:0, instance:com.crm.organizationTest.CreateORGTest@27406a17]" started-at="2024-11-04T17:01:10 IST" name="ac" finished-at="2024-11-04T17:01:10 IST" duration-ms="579" status="PASS">
          <reporter-output>
          </reporter-output>
        </test-method> <!-- ac -->
        <test-method is-config="true" signature="afterSuite()[pri:0, instance:com.crm.organizationTest.CreateORGTest@27406a17]" started-at="2024-11-04T17:01:10 IST" name="afterSuite" finished-at="2024-11-04T17:01:10 IST" duration-ms="1" status="PASS">
          <reporter-output>
          </reporter-output>
        </test-method> <!-- afterSuite -->
      </class> <!-- com.crm.organizationTest.CreateORGTest -->
    </test> <!-- Default test -->
  </suite> <!-- Default suite -->
</testng-results>
