<?xml version="1.0" encoding="UTF-8"?>
<!-- Generated by org.testng.reporters.JUnitXMLReporter -->
<testsuite ignored="2" hostname="PavithraDilip" failures="0" tests="1" name="Default test" time="1816.767" errors="0" timestamp="2024-11-04T17:01:10 IST">
  <testcase classname="com.crm.organizationTest.CreateORGTest" name="createOrgTest" time="76.522"/>
  <testcase classname="com.crm.organizationTest.CreateORGTest" name="createOrgWithPhoneNoTest" time="0.0">
    <ignored/>
  </testcase> <!-- createOrgWithPhoneNoTest -->
  <testcase classname="com.crm.organizationTest.CreateORGTest" name="createOrgWithIndstryTest" time="0.0">
    <ignored/>
  </testcase> <!-- createOrgWithIndstryTest -->
</testsuite> <!-- Default test -->
