<?xml version="1.0" encoding="UTF-8"?>
<!-- Generated by org.testng.reporters.JUnitXMLReporter -->
<testsuite ignored="0" hostname="PavithraDilip" failures="0" tests="3" name="testRunner-3" time="231.152" errors="0" timestamp="2024-10-19T15:46:55 IST">
  <testcase classname="com.crm.productTest.CreateProductTest" name="ceateProductWithVendorNametest" time="117.226"/>
  <testcase classname="com.crm.productTest.CreateProductTest" name="createProductTest" time="38.344"/>
  <testcase classname="com.crm.productTest.CreateProductTest" name="createProductWithCategoryTest" time="26.443"/>
</testsuite> <!-- testRunner-3 -->
