<?xml version="1.0" encoding="UTF-8"?>
<!-- Generated by org.testng.reporters.JUnitXMLReporter -->
<testsuite ignored="2" hostname="PavithraDilip" failures="0" tests="4" name="Test 2" time="131.589" errors="0" timestamp="2024-10-22T15:52:52 IST">
  <testcase classname="TestNG1.Batch3" name="createContactTest" time="27.649"/>
  <testcase classname="TestNG1.Batch3" name="createContactWithSupportDateTest" time="19.093"/>
  <testcase classname="TestNGPgm.Batch22" name="createLeadWithIndustryTest" time="27.013"/>
  <testcase classname="TestNGPgm.Batch22" name="createLeadsNameTest" time="17.673"/>
  <testcase classname="com.crm.generic.baseUtility.BaseClass" name="@BeforeSuite beforsuite" time="0.0">
    <ignored/>
  </testcase> <!-- @BeforeSuite beforsuite -->
  <testcase classname="com.crm.generic.baseUtility.BaseClass" name="@AfterSuite afterSuite" time="0.0">
    <ignored/>
  </testcase> <!-- @AfterSuite afterSuite -->
</testsuite> <!-- Test 2 -->
