<?xml version="1.0" encoding="UTF-8"?>
<!-- Generated by org.testng.reporters.JUnitXMLReporter -->
<testsuite ignored="0" hostname="PavithraDilip" failures="0" tests="3" name="testRunner-5" time="228.516" errors="0" timestamp="2024-10-19T15:46:52 IST">
  <testcase classname="com.crm.organizationTest.CreateORGTest" name="createOrgTest" time="72.824"/>
  <testcase classname="com.crm.organizationTest.CreateORGTest" name="createOrgWithIndstryTest" time="33.577"/>
  <testcase classname="com.crm.organizationTest.CreateORGTest" name="createOrgWithPhoneNoTest" time="28.736"/>
</testsuite> <!-- testRunner-5 -->
