<?xml version="1.0" encoding="UTF-8"?>
<!-- Generated by org.testng.reporters.JUnitXMLReporter -->
<testsuite ignored="2" hostname="PavithraDilip" failures="0" tests="6" name="testRunner-1" time="201.162" errors="0" timestamp="2024-10-21T10:35:46 IST">
  <testcase classname="com.crm.contactTest.CreateContactTest" name="createContactTest" time="26.042"/>
  <testcase classname="com.crm.contactTest.CreateContactTest" name="createContactWithOrgTest" time="37.475"/>
  <testcase classname="com.crm.contactTest.CreateContactTest" name="createContactWithSupportDateTest" time="17.005"/>
  <testcase classname="com.crm.organizationTest.CreateORGTest" name="createOrgTest" time="19.829"/>
  <testcase classname="com.crm.organizationTest.CreateORGTest" name="createOrgWithIndstryTest" time="21.051"/>
  <testcase classname="com.crm.organizationTest.CreateORGTest" name="createOrgWithPhoneNoTest" time="19.797"/>
  <testcase classname="com.crm.generic.baseUtility.BaseClass" name="@BeforeSuite beforsuite" time="0.0">
    <ignored/>
  </testcase> <!-- @BeforeSuite beforsuite -->
  <testcase classname="com.crm.generic.baseUtility.BaseClass" name="@AfterSuite afterSuite" time="0.0">
    <ignored/>
  </testcase> <!-- @AfterSuite afterSuite -->
</testsuite> <!-- testRunner-1 -->
