<?xml version="1.0" encoding="UTF-8"?>
<!-- Generated by org.testng.reporters.JUnitXMLReporter -->
<testsuite ignored="0" hostname="PavithraDilip" failures="1" tests="3" name="Test2" time="94.977" errors="0" timestamp="2024-10-23T15:53:19 IST">
  <testcase classname="com.crm.contactTest.CreateContactTest" name="createContactTest" time="24.561"/>
  <testcase classname="com.crm.contactTest.CreateContactTest" name="createContactWithOrgTest" time="19.633">
    <failure type="java.lang.AssertionError" message="expected [false] but found [true]">
      <![CDATA[java.lang.AssertionError: expected [false] but found [true]
at com.crm.contactTest.CreateContactTest.createContactWithOrgTest(CreateContactTest.java:105)
at java.base/java.util.ArrayList.forEach(ArrayList.java:1596)
at java.base/java.util.concurrent.FutureTask.run(FutureTask.java:317)
at java.base/java.util.concurrent.ThreadPoolExecutor.runWorker(ThreadPoolExecutor.java:1144)
at java.base/java.util.concurrent.ThreadPoolExecutor$Worker.run(ThreadPoolExecutor.java:642)
at java.base/java.lang.Thread.run(Thread.java:1583)
... Removed 22 stack frames]]>
    </failure>
  </testcase> <!-- createContactWithOrgTest -->
  <testcase classname="com.crm.contactTest.CreateContactTest" name="createContactWithSupportDateTest" time="20.102"/>
</testsuite> <!-- Test2 -->
