<?xml version="1.0" encoding="UTF-8"?>
<!-- Generated by org.testng.reporters.JUnitXMLReporter -->
<testsuite ignored="8" hostname="PavithraDilip" failures="0" tests="13" name="Test-3" time="0.932" errors="0" timestamp="2024-10-24T22:21:29 IST">
  <testcase classname="comCRM.generic.baseUtility.BaseClass" name="@BeforeMethod bm" time="0.092">
    <failure type="java.lang.NullPointerException" message="Cannot invoke &amp;quot;org.openqa.selenium.WebDriver.manage()&amp;quot; because &amp;quot;this.driver&amp;quot; is null">
      <![CDATA[java.lang.NullPointerException: Cannot invoke "org.openqa.selenium.WebDriver.manage()" because "this.driver" is null
at comCRM.business.ObjectRepository.Loginpage.loginToapp(Loginpage.java:41)
at comCRM.generic.baseUtility.BaseClass.bm(BaseClass.java:77)
at java.base/java.util.ArrayList.forEach(ArrayList.java:1596)
at java.base/java.util.concurrent.FutureTask.run(FutureTask.java:317)
at java.base/java.util.concurrent.ThreadPoolExecutor.runWorker(ThreadPoolExecutor.java:1144)
at java.base/java.util.concurrent.ThreadPoolExecutor$Worker.run(ThreadPoolExecutor.java:642)
at java.base/java.lang.Thread.run(Thread.java:1583)
... Removed 20 stack frames]]>
    </failure>
  </testcase> <!-- @BeforeMethod bm -->
  <testcase classname="comCRM.generic.baseUtility.BaseClass" name="@AfterMethod am" time="-1.729788688994E9">
    <skipped/>
  </testcase> <!-- @AfterMethod am -->
  <testcase classname="comCRM.generic.baseUtility.BaseClass" name="@BeforeMethod bm" time="-1.729788689009E9">
    <skipped/>
  </testcase> <!-- @BeforeMethod bm -->
  <testcase classname="comCRM.generic.baseUtility.BaseClass" name="@AfterMethod am" time="-1.729788689037E9">
    <skipped/>
  </testcase> <!-- @AfterMethod am -->
  <testcase classname="comCRM.generic.baseUtility.BaseClass" name="@BeforeMethod bm" time="-1.729788689051E9">
    <skipped/>
  </testcase> <!-- @BeforeMethod bm -->
  <testcase classname="comCRM.generic.baseUtility.BaseClass" name="@AfterMethod am" time="-1.729788689078E9">
    <skipped/>
  </testcase> <!-- @AfterMethod am -->
  <testcase classname="comCRM.generic.baseUtility.BaseClass" name="@AfterClass ac" time="-1.729788689084E9">
    <skipped/>
  </testcase> <!-- @AfterClass ac -->
  <testcase classname="comCRM.generic.baseUtility.BaseClass" name="@BeforeMethod bm" time="0.002">
    <failure type="java.lang.NullPointerException" message="Cannot invoke &amp;quot;org.openqa.selenium.WebDriver.manage()&amp;quot; because &amp;quot;this.driver&amp;quot; is null">
      <![CDATA[java.lang.NullPointerException: Cannot invoke "org.openqa.selenium.WebDriver.manage()" because "this.driver" is null
at comCRM.business.ObjectRepository.Loginpage.loginToapp(Loginpage.java:41)
at comCRM.generic.baseUtility.BaseClass.bm(BaseClass.java:77)
at java.base/java.util.ArrayList.forEach(ArrayList.java:1596)
at java.base/java.util.concurrent.FutureTask.run(FutureTask.java:317)
at java.base/java.util.concurrent.ThreadPoolExecutor.runWorker(ThreadPoolExecutor.java:1144)
at java.base/java.util.concurrent.ThreadPoolExecutor$Worker.run(ThreadPoolExecutor.java:642)
at java.base/java.lang.Thread.run(Thread.java:1583)
... Removed 20 stack frames]]>
    </failure>
  </testcase> <!-- @BeforeMethod bm -->
  <testcase classname="comCRM.generic.baseUtility.BaseClass" name="@AfterMethod am" time="-1.729788689118E9">
    <skipped/>
  </testcase> <!-- @AfterMethod am -->
  <testcase classname="comCRM.generic.baseUtility.BaseClass" name="@BeforeMethod bm" time="-1.729788689146E9">
    <skipped/>
  </testcase> <!-- @BeforeMethod bm -->
  <testcase classname="comCRM.generic.baseUtility.BaseClass" name="@AfterMethod am" time="-1.729788689202E9">
    <skipped/>
  </testcase> <!-- @AfterMethod am -->
  <testcase classname="comCRM.generic.baseUtility.BaseClass" name="@BeforeMethod bm" time="-1.729788689225E9">
    <skipped/>
  </testcase> <!-- @BeforeMethod bm -->
  <testcase classname="comCRM.generic.baseUtility.BaseClass" name="@AfterMethod am" time="-1.729788689272E9">
    <skipped/>
  </testcase> <!-- @AfterMethod am -->
  <testcase classname="comCRM.generic.baseUtility.BaseClass" name="@AfterClass ac" time="-1.729788689289E9">
    <skipped/>
  </testcase> <!-- @AfterClass ac -->
  <testcase classname="comCRM.generic.baseUtility.BaseClass" name="@BeforeMethod bm" time="0.008">
    <failure type="java.lang.NullPointerException" message="Cannot invoke &amp;quot;org.openqa.selenium.WebDriver.manage()&amp;quot; because &amp;quot;this.driver&amp;quot; is null">
      <![CDATA[java.lang.NullPointerException: Cannot invoke "org.openqa.selenium.WebDriver.manage()" because "this.driver" is null
at comCRM.business.ObjectRepository.Loginpage.loginToapp(Loginpage.java:41)
at comCRM.generic.baseUtility.BaseClass.bm(BaseClass.java:77)
at java.base/java.util.ArrayList.forEach(ArrayList.java:1596)
at java.base/java.util.concurrent.FutureTask.run(FutureTask.java:317)
at java.base/java.util.concurrent.ThreadPoolExecutor.runWorker(ThreadPoolExecutor.java:1144)
at java.base/java.util.concurrent.ThreadPoolExecutor$Worker.run(ThreadPoolExecutor.java:642)
at java.base/java.lang.Thread.run(Thread.java:1583)
... Removed 20 stack frames]]>
    </failure>
  </testcase> <!-- @BeforeMethod bm -->
  <testcase classname="comCRM.generic.baseUtility.BaseClass" name="@AfterMethod am" time="-1.729788689348E9">
    <skipped/>
  </testcase> <!-- @AfterMethod am -->
  <testcase classname="comCRM.generic.baseUtility.BaseClass" name="@BeforeMethod bm" time="-1.729788689352E9">
    <skipped/>
  </testcase> <!-- @BeforeMethod bm -->
  <testcase classname="comCRM.generic.baseUtility.BaseClass" name="@AfterMethod am" time="-1.729788689384E9">
    <skipped/>
  </testcase> <!-- @AfterMethod am -->
  <testcase classname="comCRM.generic.baseUtility.BaseClass" name="@BeforeMethod bm" time="-1.729788689393E9">
    <skipped/>
  </testcase> <!-- @BeforeMethod bm -->
  <testcase classname="comCRM.generic.baseUtility.BaseClass" name="@AfterMethod am" time="-1.72978868942E9">
    <skipped/>
  </testcase> <!-- @AfterMethod am -->
  <testcase classname="comCRM.generic.baseUtility.BaseClass" name="@AfterClass ac" time="-1.72978868945E9">
    <skipped/>
  </testcase> <!-- @AfterClass ac -->
  <testcase classname="comCRM.generic.baseUtility.BaseClass" name="@BeforeMethod bm" time="0.004">
    <failure type="java.lang.NullPointerException" message="Cannot invoke &amp;quot;org.openqa.selenium.WebDriver.manage()&amp;quot; because &amp;quot;this.driver&amp;quot; is null">
      <![CDATA[java.lang.NullPointerException: Cannot invoke "org.openqa.selenium.WebDriver.manage()" because "this.driver" is null
at comCRM.business.ObjectRepository.Loginpage.loginToapp(Loginpage.java:41)
at comCRM.generic.baseUtility.BaseClass.bm(BaseClass.java:77)
at java.base/java.util.ArrayList.forEach(ArrayList.java:1596)
at java.base/java.util.concurrent.FutureTask.run(FutureTask.java:317)
at java.base/java.util.concurrent.ThreadPoolExecutor.runWorker(ThreadPoolExecutor.java:1144)
at java.base/java.util.concurrent.ThreadPoolExecutor$Worker.run(ThreadPoolExecutor.java:642)
at java.base/java.lang.Thread.run(Thread.java:1583)
... Removed 20 stack frames]]>
    </failure>
  </testcase> <!-- @BeforeMethod bm -->
  <testcase classname="comCRM.generic.baseUtility.BaseClass" name="@AfterMethod am" time="-1.729788689511E9">
    <skipped/>
  </testcase> <!-- @AfterMethod am -->
  <testcase classname="comCRM.generic.baseUtility.BaseClass" name="@AfterClass ac" time="-1.729788689519E9">
    <skipped/>
  </testcase> <!-- @AfterClass ac -->
  <testcase classname="comCRM.generic.baseUtility.BaseClass" name="@BeforeMethod bm" time="0.003">
    <failure type="java.lang.NullPointerException" message="Cannot invoke &amp;quot;org.openqa.selenium.WebDriver.manage()&amp;quot; because &amp;quot;this.driver&amp;quot; is null">
      <![CDATA[java.lang.NullPointerException: Cannot invoke "org.openqa.selenium.WebDriver.manage()" because "this.driver" is null
at comCRM.business.ObjectRepository.Loginpage.loginToapp(Loginpage.java:41)
at comCRM.generic.baseUtility.BaseClass.bm(BaseClass.java:77)
at java.base/java.util.ArrayList.forEach(ArrayList.java:1596)
at java.base/java.util.concurrent.FutureTask.run(FutureTask.java:317)
at java.base/java.util.concurrent.ThreadPoolExecutor.runWorker(ThreadPoolExecutor.java:1144)
at java.base/java.util.concurrent.ThreadPoolExecutor$Worker.run(ThreadPoolExecutor.java:642)
at java.base/java.lang.Thread.run(Thread.java:1583)
... Removed 20 stack frames]]>
    </failure>
  </testcase> <!-- @BeforeMethod bm -->
  <testcase classname="comCRM.generic.baseUtility.BaseClass" name="@AfterMethod am" time="-1.729788689575E9">
    <skipped/>
  </testcase> <!-- @AfterMethod am -->
  <testcase classname="comCRM.generic.baseUtility.BaseClass" name="@BeforeMethod bm" time="-1.729788689581E9">
    <skipped/>
  </testcase> <!-- @BeforeMethod bm -->
  <testcase classname="comCRM.generic.baseUtility.BaseClass" name="@AfterMethod am" time="-1.729788689602E9">
    <skipped/>
  </testcase> <!-- @AfterMethod am -->
  <testcase classname="comCRM.generic.baseUtility.BaseClass" name="@BeforeMethod bm" time="-1.729788689614E9">
    <skipped/>
  </testcase> <!-- @BeforeMethod bm -->
  <testcase classname="comCRM.generic.baseUtility.BaseClass" name="@AfterMethod am" time="-1.729788689646E9">
    <skipped/>
  </testcase> <!-- @AfterMethod am -->
  <testcase classname="comCRM.generic.baseUtility.BaseClass" name="@AfterClass ac" time="-1.72978868965E9">
    <skipped/>
  </testcase> <!-- @AfterClass ac -->
  <testcase classname="com.crm.contactTest.CreateContactTest" name="createContactTest" time="0.0">
    <skipped/>
  </testcase> <!-- createContactTest -->
  <testcase classname="com.crm.contactTest.CreateContactTest" name="createContactWithOrgTest" time="0.0">
    <skipped/>
  </testcase> <!-- createContactWithOrgTest -->
  <testcase classname="com.crm.contactTest.CreateContactTest" name="createContactWithSupportDateTest" time="0.0">
    <skipped/>
  </testcase> <!-- createContactWithSupportDateTest -->
  <testcase classname="com.crm.leadsTest.CreateLeadsTest" name="createLeadWithIndustryTest" time="0.0">
    <skipped/>
  </testcase> <!-- createLeadWithIndustryTest -->
  <testcase classname="com.crm.leadsTest.CreateLeadsTest" name="createLeadsNameTest" time="0.001">
    <skipped/>
  </testcase> <!-- createLeadsNameTest -->
  <testcase classname="com.crm.leadsTest.CreateLeadsTest" name="createLeadsWithPhoneNoTest" time="0.0">
    <skipped/>
  </testcase> <!-- createLeadsWithPhoneNoTest -->
  <testcase classname="com.crm.productTest.CreateProductTest" name="ceateProductWithVendorNametest" time="0.0">
    <skipped/>
  </testcase> <!-- ceateProductWithVendorNametest -->
  <testcase classname="com.crm.productTest.CreateProductTest" name="createProductTest" time="0.0">
    <skipped/>
  </testcase> <!-- createProductTest -->
  <testcase classname="com.crm.productTest.CreateProductTest" name="createProductWithCategoryTest" time="0.0">
    <skipped/>
  </testcase> <!-- createProductWithCategoryTest -->
  <testcase classname="com.crm.vendorTest.CreateVendorTest" name="createVendorTest" time="0.0">
    <skipped/>
  </testcase> <!-- createVendorTest -->
  <testcase classname="com.crm.organizationTest.CreateORGTest" name="createOrgTest" time="0.0">
    <skipped/>
  </testcase> <!-- createOrgTest -->
  <testcase classname="com.crm.organizationTest.CreateORGTest" name="createOrgWithIndstryTest" time="0.0">
    <skipped/>
  </testcase> <!-- createOrgWithIndstryTest -->
  <testcase classname="com.crm.organizationTest.CreateORGTest" name="createOrgWithPhoneNoTest" time="0.0">
    <skipped/>
  </testcase> <!-- createOrgWithPhoneNoTest -->
  <testcase classname="comCRM.generic.baseUtility.BaseClass" name="@BeforeSuite beforsuite" time="0.0">
    <ignored/>
  </testcase> <!-- @BeforeSuite beforsuite -->
  <testcase classname="comCRM.generic.baseUtility.BaseClass" name="@BeforeSuite beforsuite" time="0.0">
    <ignored/>
  </testcase> <!-- @BeforeSuite beforsuite -->
  <testcase classname="comCRM.generic.baseUtility.BaseClass" name="@BeforeSuite beforsuite" time="0.0">
    <ignored/>
  </testcase> <!-- @BeforeSuite beforsuite -->
  <testcase classname="comCRM.generic.baseUtility.BaseClass" name="@BeforeSuite beforsuite" time="0.0">
    <ignored/>
  </testcase> <!-- @BeforeSuite beforsuite -->
  <testcase classname="comCRM.generic.baseUtility.BaseClass" name="@AfterSuite afterSuite" time="0.0">
    <ignored/>
  </testcase> <!-- @AfterSuite afterSuite -->
  <testcase classname="comCRM.generic.baseUtility.BaseClass" name="@AfterSuite afterSuite" time="0.0">
    <ignored/>
  </testcase> <!-- @AfterSuite afterSuite -->
  <testcase classname="comCRM.generic.baseUtility.BaseClass" name="@AfterSuite afterSuite" time="0.0">
    <ignored/>
  </testcase> <!-- @AfterSuite afterSuite -->
  <testcase classname="comCRM.generic.baseUtility.BaseClass" name="@AfterSuite afterSuite" time="0.0">
    <ignored/>
  </testcase> <!-- @AfterSuite afterSuite -->
</testsuite> <!-- Test-3 -->
